<?xml version="1.0" encoding="UTF-8"?>
<testng-results ignored="0" total="2" passed="2" failed="0" skipped="0">
  <reporter-output>
  </reporter-output>
  <suite started-at="2022-06-23T23:04:48 CEST" name="Default suite" finished-at="2022-06-23T23:04:58 CEST" duration-ms="9459">
    <groups>
    </groups>
    <test started-at="2022-06-23T23:04:48 CEST" name="Default test" finished-at="2022-06-23T23:04:58 CEST" duration-ms="9459">
      <class name="Mobtestget.Search">
        <test-method signature="getRequestforDelphine()[pri:0, instance:Mobtestget.Search@703580bf]" started-at="2022-06-23T23:04:48 CEST" name="getRequestforDelphine" finished-at="2022-06-23T23:04:52 CEST" duration-ms="3404" status="PASS">
          <reporter-output>
          </reporter-output>
        </test-method> <!-- getRequestforDelphine -->
        <test-method signature="getRequestforPosts()[pri:0, instance:Mobtestget.Search@703580bf]" started-at="2022-06-23T23:04:52 CEST" name="getRequestforPosts" finished-at="2022-06-23T23:04:58 CEST" duration-ms="5992" status="PASS">
          <reporter-output>
          </reporter-output>
        </test-method> <!-- getRequestforPosts -->
      </class> <!-- Mobtestget.Search -->
    </test> <!-- Default test -->
  </suite> <!-- Default suite -->
</testng-results>
